{
  "RSpec": {
    "coverage": {
      "/Users/colinreinhart/turing/5Module/projects/game_day_gambit_ror_fe/config/environment.rb": {
        "lines": [
          null,
          1,
          null,
          null,
          1
        ]
      },
      "/Users/colinreinhart/turing/5Module/projects/game_day_gambit_ror_fe/config/application.rb": {
        "lines": [
          1,
          null,
          1,
          null,
          null,
          null,
          1,
          null,
          1,
          1,
          null,
          1,
          null,
          null,
          null,
          null,
          null,
          null,
          null,
          null,
          null,
          null
        ]
      },
      "/Users/colinreinhart/turing/5Module/projects/game_day_gambit_ror_fe/config/boot.rb": {
        "lines": [
          1,
          null,
          1,
          1
        ]
      },
      "/Users/colinreinhart/turing/5Module/projects/game_day_gambit_ror_fe/config/environments/test.rb": {
        "lines": [
          1,
          null,
          null,
          null,
          null,
          null,
          null,
          1,
          null,
          null,
          null,
          1,
          null,
          null,
          null,
          null,
          1,
          null,
          null,
          1,
          1,
          null,
          null,
          null,
          null,
          1,
          1,
          1,
          null,
          null,
          1,
          null,
          null,
          1,
          null,
          null,
          1,
          null,
          1,
          null,
          null,
          null,
          null,
          1,
          null,
          null,
          1,
          null,
          null,
          1,
          null,
          null,
          1,
          null,
          null,
          null,
          null,
          null,
          null,
          null
        ]
      },
      "/Users/colinreinhart/turing/5Module/projects/game_day_gambit_ror_fe/config/initializers/assets.rb": {
        "lines": [
          null,
          null,
          null,
          1,
          null,
          null,
          null,
          null,
          null,
          null,
          null,
          null
        ]
      },
      "/Users/colinreinhart/turing/5Module/projects/game_day_gambit_ror_fe/config/initializers/content_security_policy.rb": {
        "lines": [
          null,
          null,
          null,
          null,
          null,
          null,
          null,
          null,
          null,
          null,
          null,
          null,
          null,
          null,
          null,
          null,
          null,
          null,
          null,
          null,
          null,
          null,
          null,
          null,
          null
        ]
      },
      "/Users/colinreinhart/turing/5Module/projects/game_day_gambit_ror_fe/config/initializers/filter_parameter_logging.rb": {
        "lines": [
          null,
          null,
          null,
          null,
          null,
          1,
          null,
          null
        ]
      },
      "/Users/colinreinhart/turing/5Module/projects/game_day_gambit_ror_fe/config/initializers/inflections.rb": {
        "lines": [
          null,
          null,
          null,
          null,
          null,
          null,
          null,
          null,
          null,
          null,
          null,
          null,
          null,
          null,
          null,
          null
        ]
      },
      "/Users/colinreinhart/turing/5Module/projects/game_day_gambit_ror_fe/config/initializers/permissions_policy.rb": {
        "lines": [
          null,
          null,
          null,
          null,
          null,
          null,
          null,
          null,
          null,
          null,
          null
        ]
      },
      "/Users/colinreinhart/turing/5Module/projects/game_day_gambit_ror_fe/config/routes.rb": {
        "lines": [
          1,
          null,
          null,
          null,
          1,
          null,
          1,
          null,
          null
        ]
      },
      "/Users/colinreinhart/turing/5Module/projects/game_day_gambit_ror_fe/app/helpers/application_helper.rb": {
        "lines": [
          1,
          null
        ]
      },
      "/Users/colinreinhart/turing/5Module/projects/game_day_gambit_ror_fe/app/controllers/landing_controller.rb": {
        "lines": [
          1,
          null,
          1,
          null,
          null,
          null
        ]
      },
      "/Users/colinreinhart/turing/5Module/projects/game_day_gambit_ror_fe/app/controllers/application_controller.rb": {
        "lines": [
          1,
          null,
          null
        ]
      },
      "/Users/colinreinhart/turing/5Module/projects/game_day_gambit_ror_fe/app/controllers/users_controller.rb": {
        "lines": [
          1,
          null,
          1,
          null,
          null,
          1,
          1,
          1,
          1,
          0,
          0,
          0,
          null,
          null
        ]
      },
      "/Users/colinreinhart/turing/5Module/projects/game_day_gambit_ror_fe/app/facade/user_facade.rb": {
        "lines": [
          1,
          null,
          1,
          1,
          1,
          null,
          null,
          1,
          0,
          0,
          0,
          null,
          null,
          null,
          1,
          0,
          0,
          null,
          null
        ]
      },
      "/Users/colinreinhart/turing/5Module/projects/game_day_gambit_ror_fe/app/services/user_service.rb": {
        "lines": [
          1,
          null,
          1,
          0,
          0,
          null,
          null,
          1,
          0,
          0,
          null,
          null,
          1,
          1,
          null,
          null,
          null,
          1,
          null,
          null
        ]
      },
      "/Users/colinreinhart/turing/5Module/projects/game_day_gambit_ror_fe/app/services/base_service.rb": {
        "lines": [
          1,
          null,
          1,
          1,
          null,
          null,
          1,
          1,
          null,
          null
        ]
      },
      "/Users/colinreinhart/turing/5Module/projects/game_day_gambit_ror_fe/app/poros/user.rb": {
        "lines": [
          1,
          1,
          null,
          null,
          1,
          1,
          0,
          0,
          0,
          null,
          null
        ]
      }
    },
    "timestamp": 1709938212
  }
}
